<?xml version="1.0" encoding="UTF-8"?>
<!-- Generated by org.testng.reporters.JUnitReportReporter -->
<testsuite hostname="Shraddha-PC" failures="0" tests="3" name="com.dataprovider.latest.DataProviderWithExcel" time="0.004" errors="0" timestamp="2022-06-26T14:36:14 IST" skipped="0">
  <testcase classname="com.dataprovider.latest.DataProviderWithExcel" name="test" time="0.001"/>
  <system-out/>
  <testcase classname="com.dataprovider.latest.DataProviderWithExcel" name="test" time="0.002"/>
  <system-out/>
  <testcase classname="com.dataprovider.latest.DataProviderWithExcel" name="test" time="0.001"/>
  <system-out/>
</testsuite> <!-- com.dataprovider.latest.DataProviderWithExcel -->
