<?xml version="1.0" encoding="UTF-8"?>
<!-- Generated by org.testng.reporters.JUnitReportReporter -->
<testsuite hostname="Shraddha-PC" failures="0" tests="1" name="com.extentReports.ExtentReportsDemo" time="51.484" errors="0" timestamp="2022-06-26T14:36:14 IST" skipped="0">
  <testcase classname="com.extentReports.ExtentReportsDemo" name="test" time="51.484"/>
  <system-out/>
</testsuite> <!-- com.extentReports.ExtentReportsDemo -->
