<?xml version="1.0" encoding="UTF-8"?>
<!-- Generated by org.testng.reporters.JUnitReportReporter -->
<testsuite hostname="Shraddha-PC" failures="0" tests="2" name="com.dataprovider.latest.DataProviderDependencyInjection" time="0.012" errors="0" timestamp="2022-06-26T14:36:14 IST" skipped="0">
  <testcase classname="com.dataprovider.latest.DataProviderDependencyInjection" name="test1" time="0.007"/>
  <system-out/>
  <testcase classname="com.dataprovider.latest.DataProviderDependencyInjection" name="test1" time="0.005"/>
  <system-out/>
</testsuite> <!-- com.dataprovider.latest.DataProviderDependencyInjection -->
