<?xml version="1.0" encoding="UTF-8"?>
<!-- Generated by org.testng.reporters.JUnitReportReporter -->
<testsuite hostname="Shraddha-PC" failures="0" tests="1" name="com.annotations.AnnotationsTest" time="0.031" errors="0" timestamp="2022-06-26T14:08:15 IST" skipped="0">
  <testcase classname="com.annotations.AnnotationsTest" name="test" time="0.031"/>
  <system-out/>
</testsuite> <!-- com.annotations.AnnotationsTest -->
