<?xml version="1.0" encoding="UTF-8"?>
<!-- Generated by org.testng.reporters.JUnitReportReporter -->
<testsuite hostname="Shraddha-PC" failures="0" tests="1" name="com.tmb.tests.LoginPageTest" time="86.137" errors="0" timestamp="2022-06-26T14:36:14 IST" skipped="0">
  <testcase classname="com.tmb.tests.LoginPageTest" name="Test1" time="86.137"/>
  <system-out/>
</testsuite> <!-- com.tmb.tests.LoginPageTest -->
