<?xml version="1.0" encoding="UTF-8"?>
<!-- Generated by org.testng.reporters.JUnitReportReporter -->
<testsuite hostname="Shraddha-PC" failures="0" tests="1" name="com.AssertJ.AssertJSoftAssertions" time="0.008" errors="0" timestamp="2022-06-26T14:36:14 IST" skipped="0">
  <testcase classname="com.AssertJ.AssertJSoftAssertions" name="assertBDDStyleTest" time="0.008"/>
  <system-out/>
</testsuite> <!-- com.AssertJ.AssertJSoftAssertions -->
