<?xml version="1.0" encoding="UTF-8"?>
<!-- Generated by org.testng.reporters.JUnitReportReporter -->
<testsuite hostname="Shraddha-PC" failures="0" tests="5" name="com.dataprovider.latest.DataProviderTest2" time="0.037" errors="0" timestamp="2022-06-26T14:36:14 IST" skipped="0">
  <testcase classname="com.dataprovider.latest.DataProviderTest2" name="test2" time="0.004"/>
  <system-out/>
  <testcase classname="com.dataprovider.latest.DataProviderTest2" name="test1" time="0.003"/>
  <system-out/>
  <testcase classname="com.dataprovider.latest.DataProviderTest2" name="test1" time="0.003"/>
  <system-out/>
  <testcase classname="com.dataprovider.latest.DataProviderTest2" name="test2" time="0.003"/>
  <system-out/>
  <testcase classname="com.dataprovider.latest.DataProviderTest2" name="test2" time="0.024"/>
  <system-out/>
</testsuite> <!-- com.dataprovider.latest.DataProviderTest2 -->
